<?xml version="1.0" encoding="UTF-8" standalone="no"?>
<!-- WARNING: auto-generated file. -->
<project basedir="." default="build" name="assessment">
	<property name='binDir' value='bin'/>
	<property name='sandboxUser' value='pastasandbox'/>
    <property environment="env"/>
    <property name="debuglevel" value="source,lines,vars"/>
    <property name="target" value="1.8"/>
    <property name="source" value="1.8"/>
	<path id="lib.jars">
		<fileset dir="${libdirectory}">
			<include name="**/*.jar"/>
            <include name="**/*.class"/>
		</fileset>
	</path>
    <path id="assessment.classpath">
        <pathelement location="${binDir}"/>
        <path refid="lib.jars"/>
    </path>
	
	<target name="makeBin">
		<mkdir dir="${binDir}"/>
		<chgrp file="${binDir}" group="${sandboxUser}" type="dir" />
		<chmod file="${binDir}" perm="g+ws" type="dir" />
	</target>
	<target name="makeWritable">
		{$?{hasWritable}
		<chgrp group="${sandboxUser}" type="file">
			<fileset dir="${binDir}">
				${writableFiles}
			</fileset>
		</chgrp>
		<chmod perm="g+w" type="file">
			<fileset dir="${binDir}">
				${writableFiles}
			</fileset>
		</chmod>
		}
	</target>
	
	<target name="copyNonJava">
        <echo message="Copying non-code from '${basedir}' to '${binDir}'"/>
		<copy includeemptydirs="false" todir="${binDir}">
            <fileset dir="${basedir}">
                <exclude name="**/*.java"/>
                <exclude name="build.xml"/>
            	<exclude name="result.xml"/>
            	<exclude name="run.errors"/>
            	<exclude name="${binDir}/**/*"/>
            </fileset>
        </copy>
	</target>
    <target name="init" depends="makeBin, copyNonJava, makeWritable">
    </target>
    <target name="clean">
    	<echo message="Deleting .class files from '${binDir}'"/>
		<delete>
			<fileset dir="${binDir}" includes="**/*.class"/>
		</delete>
    </target>
    <target depends="init" name="build">
        <echo message="Using javac to compile Java code in '${basedir}'"/>
        <javac fork="yes" srcdir="${basedir}" includeantruntime="false" debug="true" debuglevel="${debuglevel}" destdir="${binDir}" source="${source}" target="${target}">
			<exclude name="origSubmission/**/*"/>
			<exclude name="${binDir}/**/*"/>
            <classpath refid="assessment.classpath"/>
        </javac>
    </target>
	<target name="test">
        <echo message="Running JUnit '${testName}'"/>
        <junit filtertrace="${filterStackTraces}" fork="yes" timeout="${maxtimeallowed}" dir="${binDir}">
			<formatter type="xml" />
            <test name="${testName}" outfile="${testOutputFile}" />
            <classpath refid="assessment.classpath"/>
        </junit>
    </target>
</project>
